This is pdfTeX, Version 3.1415926-2.5-1.40.14 (TeX Live 2013) (format=pdflatex 2015.8.16)  28 MAR 2016 10:52
entering extended mode
 restricted \write18 enabled.
 %&-line parsing enabled.
**sm_thesis
(./sm_thesis.tex
LaTeX2e <2011/06/27>
Babel <3.9f> and hyphenation patterns for 3 languages loaded.
(./icldt.cls
Document Class: icldt 2011/01/29 v2.0 Imperial College London Dissertation Temp
late
(/usr/share/texlive/texmf-dist/tex/latex/koma-script/scrreprt.cls
Document Class: scrreprt 2012/07/29 v3.11b KOMA-Script document class (report)
(/usr/share/texlive/texmf-dist/tex/latex/koma-script/scrkbase.sty
Package: scrkbase 2012/07/29 v3.11b KOMA-Script package (KOMA-Script-dependent 
basics and keyval usage)

(/usr/share/texlive/texmf-dist/tex/latex/koma-script/scrbase.sty
Package: scrbase 2012/07/29 v3.11b KOMA-Script package (KOMA-Script-independent
 basics and keyval usage)

(/usr/share/texlive/texmf-dist/tex/latex/graphics/keyval.sty
Package: keyval 1999/03/16 v1.13 key=value parser (DPC)
\KV@toks@=\toks14
)
(/usr/share/texlive/texmf-dist/tex/latex/koma-script/scrlfile.sty
Package: scrlfile 2012/06/15 v3.12 KOMA-Script package (loading files)

Package scrlfile, 2012/06/15 v3.12 KOMA-Script package (loading files)
                  Copyright (C) Markus Kohm

))) (/usr/share/texlive/texmf-dist/tex/latex/koma-script/tocbasic.sty
Package: tocbasic 2012/04/04 v3.10b KOMA-Script package (handling toc-files)
)
Package tocbasic Info: omitting babel extension for `toc'
(tocbasic)             because of feature `nobabel' available
(tocbasic)             for `toc' on input line 117.
Package tocbasic Info: omitting babel extension for `lof'
(tocbasic)             because of feature `nobabel' available
(tocbasic)             for `lof' on input line 118.
Package tocbasic Info: omitting babel extension for `lot'
(tocbasic)             because of feature `nobabel' available
(tocbasic)             for `lot' on input line 119.
Package scrreprt Info: You've used obsolete option `11pt'.
(scrreprt)             \KOMAExecuteOptions{fontsize=11pt} will be
(scrreprt)             used instead.
(scrreprt)             You may simply replace `11pt'
(scrreprt)             by `fontsize=11pt'.
Class scrreprt Info: You've used standard option `oneside'.
(scrreprt)           This is correct!
(scrreprt)           Internally I'm using `twoside=false'.
(scrreprt)           If you'd like to set the option with \KOMAoptions,
(scrreprt)           you'd have to use `twoside=false' there
(scrreprt)           instead of `oneside', too.
Class scrreprt Info: File `scrsize11pt.clo' used to setup font sizes on input l
ine 1367.

(/usr/share/texlive/texmf-dist/tex/latex/koma-script/scrsize11pt.clo
File: scrsize11pt.clo 2012/07/29 v3.11b KOMA-Script font size class option (11p
t)
)
(/usr/share/texlive/texmf-dist/tex/latex/koma-script/typearea.sty
Package: typearea 2012/07/29 v3.11b KOMA-Script package (type area)

Package typearea, 2012/07/29 v3.11b KOMA-Script package (type area)
                  Copyright (C) Frank Neukam, 1992-1994
                  Copyright (C) Markus Kohm, 1994-

\ta@bcor=\skip41
\ta@div=\count79
\ta@hblk=\skip42
\ta@vblk=\skip43
\ta@temp=\skip44
Package typearea Info: These are the values describing the layout:
(typearea)             DIV  = 10
(typearea)             BCOR = 0.0pt
(typearea)             \paperwidth      = 597.50793pt
(typearea)              \textwidth      = 418.25555pt
(typearea)              DIV departure   = -6%
(typearea)              \evensidemargin = 17.3562pt
(typearea)              \oddsidemargin  = 17.3562pt
(typearea)             \paperheight     = 845.04694pt
(typearea)              \textheight     = 595.80026pt
(typearea)              \topmargin      = -25.16531pt
(typearea)              \headheight     = 17.0pt
(typearea)              \headsep        = 20.40001pt
(typearea)              \topskip        = 11.0pt
(typearea)              \footskip       = 47.60002pt
(typearea)              \baselineskip   = 13.6pt
(typearea)              on input line 1213.
)
\c@part=\count80
\c@chapter=\count81
\c@section=\count82
\c@subsection=\count83
\c@subsubsection=\count84
\c@paragraph=\count85
\c@subparagraph=\count86
\abovecaptionskip=\skip45
\belowcaptionskip=\skip46
\c@pti@nb@sid@b@x=\box26
\c@figure=\count87
\c@table=\count88
\bibindent=\dimen102
) (/usr/share/texlive/texmf-dist/tex/latex/setspace/setspace.sty
Package: setspace 2011/12/19 v6.7a set line spacing
)
(/usr/share/texlive/texmf-dist/tex/latex/geometry/geometry.sty
Package: geometry 2010/09/12 v5.6 Page Geometry

(/usr/share/texlive/texmf-dist/tex/generic/oberdiek/ifpdf.sty
Package: ifpdf 2011/01/30 v2.3 Provides the ifpdf switch (HO)
Package ifpdf Info: pdfTeX in PDF mode is detected.
)
(/usr/share/texlive/texmf-dist/tex/generic/oberdiek/ifvtex.sty
Package: ifvtex 2010/03/01 v1.5 Detect VTeX and its facilities (HO)
Package ifvtex Info: VTeX not detected.
)
(/usr/share/texlive/texmf-dist/tex/generic/ifxetex/ifxetex.sty
Package: ifxetex 2010/09/12 v0.6 Provides ifxetex conditional
)
\Gm@cnth=\count89
\Gm@cntv=\count90
\c@Gm@tempcnt=\count91
\Gm@bindingoffset=\dimen103
\Gm@wd@mp=\dimen104
\Gm@odd@mp=\dimen105
\Gm@even@mp=\dimen106
\Gm@layoutwidth=\dimen107
\Gm@layoutheight=\dimen108
\Gm@layouthoffset=\dimen109
\Gm@layoutvoffset=\dimen110
\Gm@dimlist=\toks15
)
Package scrkbase Info: You've told me to redefine the font selection of the
(scrkbase)             element `sectioning' that is an alias of element
(scrkbase)             `disposition' on input line 99.
)
(/usr/share/texlive/texmf-dist/tex/latex/graphics/graphicx.sty
Package: graphicx 1999/02/16 v1.0f Enhanced LaTeX Graphics (DPC,SPQR)

(/usr/share/texlive/texmf-dist/tex/latex/graphics/graphics.sty
Package: graphics 2009/02/05 v1.0o Standard LaTeX Graphics (DPC,SPQR)

(/usr/share/texlive/texmf-dist/tex/latex/graphics/trig.sty
Package: trig 1999/03/16 v1.09 sin cos tan (DPC)
)
(/usr/share/texlive/texmf-dist/tex/latex/latexconfig/graphics.cfg
File: graphics.cfg 2010/04/23 v1.9 graphics configuration of TeX Live
)
Package graphics Info: Driver file: pdftex.def on input line 91.

(/usr/share/texlive/texmf-dist/tex/latex/pdftex-def/pdftex.def
File: pdftex.def 2011/05/27 v0.06d Graphics/color for pdfTeX

(/usr/share/texlive/texmf-dist/tex/generic/oberdiek/infwarerr.sty
Package: infwarerr 2010/04/08 v1.3 Providing info/warning/error messages (HO)
)
(/usr/share/texlive/texmf-dist/tex/generic/oberdiek/ltxcmds.sty
Package: ltxcmds 2011/11/09 v1.22 LaTeX kernel commands for general use (HO)
)
\Gread@gobject=\count92
))
\Gin@req@height=\dimen111
\Gin@req@width=\dimen112
)
(/usr/share/texlive/texmf-dist/tex/latex/graphics/color.sty
Package: color 2005/11/14 v1.0j Standard LaTeX Color (DPC)

(/usr/share/texlive/texmf-dist/tex/latex/latexconfig/color.cfg
File: color.cfg 2007/01/18 v1.5 color configuration of teTeX/TeXLive
)
Package color Info: Driver file: pdftex.def on input line 130.
)
(/usr/share/texlive/texmf-dist/tex/latex/framed/framed.sty
Package: framed 2011/10/22 v 0.96: framed or shaded text with page breaks
\OuterFrameSep=\skip47
\fb@frw=\dimen113
\fb@frh=\dimen114
\FrameRule=\dimen115
\FrameSep=\dimen116
)
(/usr/share/texlive/texmf-dist/tex/latex/base/alltt.sty
Package: alltt 1997/06/16 v2.0g defines alltt environment
)
(/usr/share/texlive/texmf-dist/tex/latex/base/fontenc.sty
Package: fontenc 2005/09/27 v1.99g Standard LaTeX package

(/usr/share/texlive/texmf-dist/tex/latex/base/t1enc.def
File: t1enc.def 2005/09/27 v1.99g Standard LaTeX file
LaTeX Font Info:    Redeclaring font encoding T1 on input line 43.
))
(/home/simon/texmf/tex/latex/copernicus/natbib.sty
Package: natbib 2006/09/06 7.4a (PWD)
\bibhang=\skip48
\bibsep=\skip49
LaTeX Info: Redefining \cite on input line 541.
\c@NAT@ctr=\count93
)
(/usr/share/texlive/texmf-dist/tex/latex/base/fixltx2e.sty
Package: fixltx2e 2006/09/13 v1.1m fixes to LaTeX
LaTeX Info: Redefining \em on input line 420.
LaTeX Info: Redefining \textsubscript on input line 424.
)
(/usr/share/texlive/texmf-dist/tex/latex/multirow/multirow.sty
\bigstrutjot=\dimen117
)
(/usr/share/texlive/texmf-dist/tex/latex/amsfonts/amssymb.sty
Package: amssymb 2013/01/14 v3.01 AMS font symbols

(/usr/share/texlive/texmf-dist/tex/latex/amsfonts/amsfonts.sty
Package: amsfonts 2013/01/14 v3.01 Basic AMSFonts support
\@emptytoks=\toks16
\symAMSa=\mathgroup4
\symAMSb=\mathgroup5
LaTeX Font Info:    Overwriting math alphabet `\mathfrak' in version `bold'
(Font)                  U/euf/m/n --> U/euf/b/n on input line 106.
))
(/usr/share/texlive/texmf-dist/tex/latex/amsmath/amsmath.sty
Package: amsmath 2013/01/14 v2.14 AMS math features
\@mathmargin=\skip50

For additional information on amsmath, use the `?' option.
(/usr/share/texlive/texmf-dist/tex/latex/amsmath/amstext.sty
Package: amstext 2000/06/29 v2.01

(/usr/share/texlive/texmf-dist/tex/latex/amsmath/amsgen.sty
File: amsgen.sty 1999/11/30 v2.0
\@emptytoks=\toks17
\ex@=\dimen118
))
(/usr/share/texlive/texmf-dist/tex/latex/amsmath/amsbsy.sty
Package: amsbsy 1999/11/29 v1.2d
\pmbraise@=\dimen119
)
(/usr/share/texlive/texmf-dist/tex/latex/amsmath/amsopn.sty
Package: amsopn 1999/12/14 v2.01 operator names
)
\inf@bad=\count94
LaTeX Info: Redefining \frac on input line 210.
\uproot@=\count95
\leftroot@=\count96
LaTeX Info: Redefining \overline on input line 306.
\classnum@=\count97
\DOTSCASE@=\count98
LaTeX Info: Redefining \ldots on input line 378.
LaTeX Info: Redefining \dots on input line 381.
LaTeX Info: Redefining \cdots on input line 466.
\Mathstrutbox@=\box27
\strutbox@=\box28
\big@size=\dimen120
LaTeX Font Info:    Redeclaring font encoding OML on input line 566.
LaTeX Font Info:    Redeclaring font encoding OMS on input line 567.
\macc@depth=\count99
\c@MaxMatrixCols=\count100
\dotsspace@=\muskip10
\c@parentequation=\count101
\dspbrk@lvl=\count102
\tag@help=\toks18
\row@=\count103
\column@=\count104
\maxfields@=\count105
\andhelp@=\toks19
\eqnshift@=\dimen121
\alignsep@=\dimen122
\tagshift@=\dimen123
\tagwidth@=\dimen124
\totwidth@=\dimen125
\lineht@=\dimen126
\@envbody=\toks20
\multlinegap=\skip51
\multlinetaggap=\skip52
\mathdisplay@stack=\toks21
LaTeX Info: Redefining \[ on input line 2665.
LaTeX Info: Redefining \] on input line 2666.
)
(/usr/share/texlive/texmf-dist/tex/latex/booktabs/booktabs.sty
Package: booktabs 2005/04/14 v1.61803 publication quality tables
\heavyrulewidth=\dimen127
\lightrulewidth=\dimen128
\cmidrulewidth=\dimen129
\belowrulesep=\dimen130
\belowbottomsep=\dimen131
\aboverulesep=\dimen132
\abovetopsep=\dimen133
\cmidrulesep=\dimen134
\cmidrulekern=\dimen135
\defaultaddspace=\dimen136
\@cmidla=\count106
\@cmidlb=\count107
\@aboverulesep=\dimen137
\@belowrulesep=\dimen138
\@thisruleclass=\count108
\@lastruleclass=\count109
\@thisrulewidth=\dimen139
)
(/usr/share/texlive/texmf-dist/tex/latex/mh/mathtools.sty
Package: mathtools 2013/02/12 v1.13 mathematical typesetting tools

(/usr/share/texlive/texmf-dist/tex/latex/tools/calc.sty
Package: calc 2007/08/22 v4.3 Infix arithmetic (KKT,FJ)
\calc@Acount=\count110
\calc@Bcount=\count111
\calc@Adimen=\dimen140
\calc@Bdimen=\dimen141
\calc@Askip=\skip53
\calc@Bskip=\skip54
LaTeX Info: Redefining \setlength on input line 76.
LaTeX Info: Redefining \addtolength on input line 77.
\calc@Ccount=\count112
\calc@Cskip=\skip55
)
(/usr/share/texlive/texmf-dist/tex/latex/mh/mhsetup.sty
Package: mhsetup 2010/01/21 v1.2a programming setup (MH)
)
LaTeX Info: Thecontrolsequence`\('isalreadyrobust on input line 129.
LaTeX Info: Thecontrolsequence`\)'isalreadyrobust on input line 129.
LaTeX Info: Thecontrolsequence`\['isalreadyrobust on input line 129.
LaTeX Info: Thecontrolsequence`\]'isalreadyrobust on input line 129.
\g_MT_multlinerow_int=\count113
\l_MT_multwidth_dim=\dimen142
\origjot=\skip56
\l_MT_shortvdotswithinadjustabove_dim=\dimen143
\l_MT_shortvdotswithinadjustbelow_dim=\dimen144
\l_MT_above_intertext_sep=\dimen145
\l_MT_below_intertext_sep=\dimen146
\l_MT_above_shortintertext_sep=\dimen147
\l_MT_below_shortintertext_sep=\dimen148
)
(/usr/share/texlive/texmf-dist/tex/latex/tools/longtable.sty
Package: longtable 2004/02/01 v4.11 Multi-page Table package (DPC)
\LTleft=\skip57
\LTright=\skip58
\LTpre=\skip59
\LTpost=\skip60
\LTchunksize=\count114
\LTcapwidth=\dimen149
\LT@head=\box29
\LT@firsthead=\box30
\LT@foot=\box31
\LT@lastfoot=\box32
\LT@cols=\count115
\LT@rows=\count116
\c@LT@tables=\count117
\c@LT@chunks=\count118
\LT@p@ftn=\toks22
)
Class scrreprt Info: longtable captions redefined on input line 88.

(/usr/share/texlive/texmf-dist/tex/latex/soul/soul.sty
Package: soul 2003/11/17 v2.4 letterspacing/underlining (mf)
\SOUL@word=\toks23
\SOUL@lasttoken=\toks24
\SOUL@cmds=\toks25
\SOUL@buffer=\toks26
\SOUL@token=\toks27
\SOUL@spaceskip=\skip61
\SOUL@ttwidth=\dimen150
\SOUL@uldp=\dimen151
\SOUL@ulht=\dimen152
)
(/usr/share/texlive/texmf-dist/tex/latex/graphics/lscape.sty
Package: lscape 2000/10/22 v3.01 Landscape Pages (DPC)
)
(/usr/share/texlive/texmf-dist/tex/latex/caption/caption.sty
Package: caption 2013/05/02 v3.3-89 Customizing captions (AR)

(/usr/share/texlive/texmf-dist/tex/latex/caption/caption3.sty
Package: caption3 2013/05/02 v1.6-88 caption3 kernel (AR)
Package caption3 Info: TeX engine: e-TeX on input line 57.
\captionmargin=\dimen153
\captionmargin@=\dimen154
\captionwidth=\dimen155
\caption@tempdima=\dimen156
\caption@indent=\dimen157
\caption@parindent=\dimen158
\caption@hangindent=\dimen159
)
Package caption Info: KOMA-Script document class.
\c@ContinuedFloat=\count119
Package caption Info: longtable package is loaded.

(/usr/share/texlive/texmf-dist/tex/latex/caption/ltcaption.sty
Package: ltcaption 2013/02/03 v1.3-62 longtable captions (AR)
))
(/usr/share/texlive/texmf-dist/tex/latex/caption/subcaption.sty
Package: subcaption 2013/02/03 v1.1-62 Sub-captions (AR)
\c@subfigure=\count120
\c@subtable=\count121
)
(/usr/share/texlive/texmf-dist/tex/latex/url/url.sty
\Urlmuskip=\muskip11
Package: url 2006/04/12  ver 3.3  Verb mode for urls, etc.
)
(/usr/share/texlive/texmf-dist/tex/latex/tools/tabularx.sty
Package: tabularx 1999/01/07 v2.07 `tabularx' package (DPC)

(/usr/share/texlive/texmf-dist/tex/latex/tools/array.sty
Package: array 2008/09/09 v2.4c Tabular extension package (FMi)
\col@sep=\dimen160
\extrarowheight=\dimen161
\NC@list=\toks28
\extratabsurround=\skip62
\backup@length=\skip63
)
\TX@col@width=\dimen162
\TX@old@table=\dimen163
\TX@old@col=\dimen164
\TX@target=\dimen165
\TX@delta=\dimen166
\TX@cols=\count122
\TX@ftn=\toks29
)
(/usr/share/texlive/texmf-dist/tex/latex/cancel/cancel.sty
Package: cancel 2000/03/12 v2.1 Cancel math terms
)
(/usr/share/texlive/texmf-dist/tex/latex/supertabular/supertabular.sty
Package: supertabular 2004/02/20 v4.1e the supertabular environment
\c@tracingst=\count123
\ST@wd=\dimen167
\ST@rightskip=\skip64
\ST@leftskip=\skip65
\ST@parfillskip=\skip66
\ST@pageleft=\dimen168
\ST@headht=\dimen169
\ST@tailht=\dimen170
\ST@pagesofar=\dimen171
\ST@pboxht=\dimen172
\ST@lineht=\dimen173
\ST@stretchht=\dimen174
\ST@prevht=\dimen175
\ST@toadd=\dimen176
\ST@dimen=\dimen177
\ST@pbox=\box33
)
(/usr/share/texlive/texmf-dist/tex/latex/algorithms/algorithmic.sty
Package: algorithmic 2009/08/24 v0.1 Document Style `algorithmic'

(/usr/share/texlive/texmf-dist/tex/latex/base/ifthen.sty
Package: ifthen 2001/05/26 v1.1c Standard LaTeX ifthen package (DPC)
)
\c@ALC@unique=\count124
\c@ALC@line=\count125
\c@ALC@rem=\count126
\c@ALC@depth=\count127
\ALC@tlm=\skip67
\algorithmicindent=\skip68
)
(/usr/share/texlive/texmf-dist/tex/latex/algorithms/algorithm.sty
Package: algorithm 2009/08/24 v0.1 Document Style `algorithm' - floating enviro
nment

(/usr/share/texlive/texmf-dist/tex/latex/float/float.sty
Package: float 2001/11/08 v1.3d Float enhancements (AL)
\c@float@type=\count128
\float@exts=\toks30
\float@box=\box34
\@float@everytoks=\toks31
\@floatcapt=\box35
)
\@float@every@algorithm=\toks32
\c@algorithm=\count129
)
(/usr/share/texlive/texmf-dist/tex/latex/subfig/subfig.sty
Package: subfig 2005/06/28 ver: 1.3 subfig package
\c@KVtest=\count130
\sf@farskip=\skip69
\sf@captopadj=\dimen178
\sf@capskip=\skip70
\sf@nearskip=\skip71
\sf@top=\skip72
\sf@bottom=\skip73
)
(/usr/share/texlive/texmf-dist/tex/latex/rotating/rotating.sty
Package: rotating 2009/03/28 v2.16a rotated objects in LaTeX
\c@r@tfl@t=\count131
\rotFPtop=\skip74
\rotFPbot=\skip75
\rot@float@box=\box36
\rot@mess@toks=\toks33
)
(/usr/share/texlive/texmf-dist/tex/latex/upquote/upquote.sty
Package: upquote 2012/04/19 v1.3 upright-quote and grave-accent glyphs in verba
tim

(/usr/share/texlive/texmf-dist/tex/latex/base/textcomp.sty
Package: textcomp 2005/09/27 v1.99g Standard LaTeX package
Package textcomp Info: Sub-encoding information:
(textcomp)               5 = only ISO-Adobe without \textcurrency
(textcomp)               4 = 5 + \texteuro
(textcomp)               3 = 4 + \textohm
(textcomp)               2 = 3 + \textestimated + \textcurrency
(textcomp)               1 = TS1 - \textcircled - \t
(textcomp)               0 = TS1 (full)
(textcomp)             Font families with sub-encoding setting implement
(textcomp)             only a restricted character set as indicated.
(textcomp)             Family '?' is the default used for unknown fonts.
(textcomp)             See the documentation for details.
Package textcomp Info: Setting ? sub-encoding to TS1/1 on input line 71.

(/usr/share/texlive/texmf-dist/tex/latex/base/ts1enc.def
File: ts1enc.def 2001/06/05 v3.0e (jk/car/fm) Standard LaTeX file
)
LaTeX Info: Redefining \oldstylenums on input line 266.
Package textcomp Info: Setting cmr sub-encoding to TS1/0 on input line 281.
Package textcomp Info: Setting cmss sub-encoding to TS1/0 on input line 282.
Package textcomp Info: Setting cmtt sub-encoding to TS1/0 on input line 283.
Package textcomp Info: Setting cmvtt sub-encoding to TS1/0 on input line 284.
Package textcomp Info: Setting cmbr sub-encoding to TS1/0 on input line 285.
Package textcomp Info: Setting cmtl sub-encoding to TS1/0 on input line 286.
Package textcomp Info: Setting ccr sub-encoding to TS1/0 on input line 287.
Package textcomp Info: Setting ptm sub-encoding to TS1/4 on input line 288.
Package textcomp Info: Setting pcr sub-encoding to TS1/4 on input line 289.
Package textcomp Info: Setting phv sub-encoding to TS1/4 on input line 290.
Package textcomp Info: Setting ppl sub-encoding to TS1/3 on input line 291.
Package textcomp Info: Setting pag sub-encoding to TS1/4 on input line 292.
Package textcomp Info: Setting pbk sub-encoding to TS1/4 on input line 293.
Package textcomp Info: Setting pnc sub-encoding to TS1/4 on input line 294.
Package textcomp Info: Setting pzc sub-encoding to TS1/4 on input line 295.
Package textcomp Info: Setting bch sub-encoding to TS1/4 on input line 296.
Package textcomp Info: Setting put sub-encoding to TS1/5 on input line 297.
Package textcomp Info: Setting uag sub-encoding to TS1/5 on input line 298.
Package textcomp Info: Setting ugq sub-encoding to TS1/5 on input line 299.
Package textcomp Info: Setting ul8 sub-encoding to TS1/4 on input line 300.
Package textcomp Info: Setting ul9 sub-encoding to TS1/4 on input line 301.
Package textcomp Info: Setting augie sub-encoding to TS1/5 on input line 302.
Package textcomp Info: Setting dayrom sub-encoding to TS1/3 on input line 303.
Package textcomp Info: Setting dayroms sub-encoding to TS1/3 on input line 304.

Package textcomp Info: Setting pxr sub-encoding to TS1/0 on input line 305.
Package textcomp Info: Setting pxss sub-encoding to TS1/0 on input line 306.
Package textcomp Info: Setting pxtt sub-encoding to TS1/0 on input line 307.
Package textcomp Info: Setting txr sub-encoding to TS1/0 on input line 308.
Package textcomp Info: Setting txss sub-encoding to TS1/0 on input line 309.
Package textcomp Info: Setting txtt sub-encoding to TS1/0 on input line 310.
Package textcomp Info: Setting lmr sub-encoding to TS1/0 on input line 311.
Package textcomp Info: Setting lmdh sub-encoding to TS1/0 on input line 312.
Package textcomp Info: Setting lmss sub-encoding to TS1/0 on input line 313.
Package textcomp Info: Setting lmssq sub-encoding to TS1/0 on input line 314.
Package textcomp Info: Setting lmvtt sub-encoding to TS1/0 on input line 315.
Package textcomp Info: Setting qhv sub-encoding to TS1/0 on input line 316.
Package textcomp Info: Setting qag sub-encoding to TS1/0 on input line 317.
Package textcomp Info: Setting qbk sub-encoding to TS1/0 on input line 318.
Package textcomp Info: Setting qcr sub-encoding to TS1/0 on input line 319.
Package textcomp Info: Setting qcs sub-encoding to TS1/0 on input line 320.
Package textcomp Info: Setting qpl sub-encoding to TS1/0 on input line 321.
Package textcomp Info: Setting qtm sub-encoding to TS1/0 on input line 322.
Package textcomp Info: Setting qzc sub-encoding to TS1/0 on input line 323.
Package textcomp Info: Setting qhvc sub-encoding to TS1/0 on input line 324.
Package textcomp Info: Setting futs sub-encoding to TS1/4 on input line 325.
Package textcomp Info: Setting futx sub-encoding to TS1/4 on input line 326.
Package textcomp Info: Setting futj sub-encoding to TS1/4 on input line 327.
Package textcomp Info: Setting hlh sub-encoding to TS1/3 on input line 328.
Package textcomp Info: Setting hls sub-encoding to TS1/3 on input line 329.
Package textcomp Info: Setting hlst sub-encoding to TS1/3 on input line 330.
Package textcomp Info: Setting hlct sub-encoding to TS1/5 on input line 331.
Package textcomp Info: Setting hlx sub-encoding to TS1/5 on input line 332.
Package textcomp Info: Setting hlce sub-encoding to TS1/5 on input line 333.
Package textcomp Info: Setting hlcn sub-encoding to TS1/5 on input line 334.
Package textcomp Info: Setting hlcw sub-encoding to TS1/5 on input line 335.
Package textcomp Info: Setting hlcf sub-encoding to TS1/5 on input line 336.
Package textcomp Info: Setting pplx sub-encoding to TS1/3 on input line 337.
Package textcomp Info: Setting pplj sub-encoding to TS1/3 on input line 338.
Package textcomp Info: Setting ptmx sub-encoding to TS1/4 on input line 339.
Package textcomp Info: Setting ptmj sub-encoding to TS1/4 on input line 340.
))

LaTeX Warning: Unused global option(s):
    [paper=a4,pagesize=auto].

(./sm_thesis.aux

LaTeX Warning: Label `fig:classdiagram' multiply defined.

)
\openout1 = `sm_thesis.aux'.

LaTeX Font Info:    Checking defaults for OML/cmm/m/it on input line 142.
LaTeX Font Info:    ... okay on input line 142.
LaTeX Font Info:    Checking defaults for T1/cmr/m/n on input line 142.
LaTeX Font Info:    ... okay on input line 142.
LaTeX Font Info:    Checking defaults for OT1/cmr/m/n on input line 142.
LaTeX Font Info:    ... okay on input line 142.
LaTeX Font Info:    Checking defaults for OMS/cmsy/m/n on input line 142.
LaTeX Font Info:    ... okay on input line 142.
LaTeX Font Info:    Checking defaults for OMX/cmex/m/n on input line 142.
LaTeX Font Info:    ... okay on input line 142.
LaTeX Font Info:    Checking defaults for U/cmr/m/n on input line 142.
LaTeX Font Info:    ... okay on input line 142.
LaTeX Font Info:    Checking defaults for TS1/cmr/m/n on input line 142.
LaTeX Font Info:    Try loading font information for TS1+cmr on input line 142.

 (/usr/share/texlive/texmf-dist/tex/latex/base/ts1cmr.fd
File: ts1cmr.fd 1999/05/25 v2.5h Standard LaTeX font definitions
)
LaTeX Font Info:    ... okay on input line 142.

*geometry* driver: auto-detecting
*geometry* detected driver: pdftex
*geometry* verbose mode - [ preamble ] result:
* driver: pdftex
* paper: <default>
* layout: <same size as paper>
* layoutoffset:(h,v)=(0.0pt,0.0pt)
* modes: 
* h-part:(L,W,R)=(119.50148pt, 358.50497pt, 119.50148pt)
* v-part:(T,H,B)=(84.50471pt, 591.53279pt, 169.00943pt)
* \paperwidth=597.50793pt
* \paperheight=845.04694pt
* \textwidth=358.50497pt
* \textheight=591.53279pt
* \oddsidemargin=47.23149pt
* \evensidemargin=47.23149pt
* \topmargin=-25.16528pt
* \headheight=17.0pt
* \headsep=20.40001pt
* \topskip=11.0pt
* \footskip=47.60002pt
* \marginparwidth=59.7508pt
* \marginparsep=12.8401pt
* \columnsep=10.0pt
* \skip\footins=10.0pt plus 4.0pt minus 2.0pt
* \hoffset=0.0pt
* \voffset=0.0pt
* \mag=1000
* \@twocolumnfalse
* \@twosidefalse
* \@mparswitchfalse
* \@reversemarginfalse
* (1in=72.27pt=25.4mm, 1cm=28.453pt)

(/usr/share/texlive/texmf-dist/tex/context/base/supp-pdf.mkii
[Loading MPS to PDF converter (version 2006.09.02).]
\scratchcounter=\count132
\scratchdimen=\dimen179
\scratchbox=\box37
\nofMPsegments=\count133
\nofMParguments=\count134
\everyMPshowfont=\toks34
\MPscratchCnt=\count135
\MPscratchDim=\dimen180
\MPnumerator=\count136
\makeMPintoPDFobject=\count137
\everyMPtoPDFconversion=\toks35
) (/usr/share/texlive/texmf-dist/tex/generic/oberdiek/pdftexcmds.sty
Package: pdftexcmds 2011/11/29 v0.20 Utility functions of pdfTeX for LuaTeX (HO
)

(/usr/share/texlive/texmf-dist/tex/generic/oberdiek/ifluatex.sty
Package: ifluatex 2010/03/01 v1.3 Provides the ifluatex switch (HO)
Package ifluatex Info: LuaTeX not detected.
)
Package pdftexcmds Info: LuaTeX not detected.
Package pdftexcmds Info: \pdf@primitive is available.
Package pdftexcmds Info: \pdf@ifprimitive is available.
Package pdftexcmds Info: \pdfdraftmode found.
)
(/usr/share/texlive/texmf-dist/tex/latex/oberdiek/epstopdf-base.sty
Package: epstopdf-base 2010/02/09 v2.5 Base part for package epstopdf

(/usr/share/texlive/texmf-dist/tex/latex/oberdiek/grfext.sty
Package: grfext 2010/08/19 v1.1 Manage graphics extensions (HO)

(/usr/share/texlive/texmf-dist/tex/generic/oberdiek/kvdefinekeys.sty
Package: kvdefinekeys 2011/04/07 v1.3 Define keys (HO)
))
(/usr/share/texlive/texmf-dist/tex/latex/oberdiek/kvoptions.sty
Package: kvoptions 2011/06/30 v3.11 Key value format for package options (HO)

(/usr/share/texlive/texmf-dist/tex/generic/oberdiek/kvsetkeys.sty
Package: kvsetkeys 2012/04/25 v1.16 Key value parser (HO)

(/usr/share/texlive/texmf-dist/tex/generic/oberdiek/etexcmds.sty
Package: etexcmds 2011/02/16 v1.5 Avoid name clashes with e-TeX commands (HO)
Package etexcmds Info: Could not find \expanded.
(etexcmds)             That can mean that you are not using pdfTeX 1.50 or
(etexcmds)             that some package has redefined \expanded.
(etexcmds)             In the latter case, load this package earlier.
)))
Package grfext Info: Graphics extension search list:
(grfext)             [.png,.pdf,.jpg,.mps,.jpeg,.jbig2,.jb2,.PNG,.PDF,.JPG,.JPE
G,.JBIG2,.JB2,.eps]
(grfext)             \AppendGraphicsExtensions on input line 452.

(/usr/share/texlive/texmf-dist/tex/latex/latexconfig/epstopdf-sys.cfg
File: epstopdf-sys.cfg 2010/07/13 v1.3 Configuration of (r)epstopdf for TeX Liv
e
))
Package caption Info: Begin \AtBeginDocument code.
Package caption Info: subfig package v1.3 is loaded.
Package caption Info: float package is loaded.
Package caption Info: rotating package is loaded.
Package caption Info: supertabular package is loaded.
Package caption Info: End \AtBeginDocument code.
LaTeX Font Info:    Try loading font information for U+msa on input line 144.

(/usr/share/texlive/texmf-dist/tex/latex/amsfonts/umsa.fd
File: umsa.fd 2013/01/14 v3.01 AMS symbols A
)
LaTeX Font Info:    Try loading font information for U+msb on input line 144.

(/usr/share/texlive/texmf-dist/tex/latex/amsfonts/umsb.fd
File: umsb.fd 2013/01/14 v3.01 AMS symbols B
) [1




{/usr/share/texlive/texmf-dist/fonts/map/pdftex/updmap/pdftex.map}] [2

] (./sm_thesis.toc [3



])
\tf@toc=\write3
\openout3 = `sm_thesis.toc'.


[4] (./sm_thesis.lot)
\tf@lot=\write4
\openout4 = `sm_thesis.lot'.

 [5

] (./sm_thesis.lof [6

])
\tf@lof=\write5
\openout5 = `sm_thesis.lof'.

 [7]
Chapter 1.

Class scrreprt Warning: \float@addtolists detected!
(scrreprt)              You should use the features of package `tocbasic'
(scrreprt)              instead of \float@addtolists.
(scrreprt)              Support for \float@addtolists may be removed from
(scrreprt)              `scrreprt' soon .


Package natbib Warning: Citation `Amarasinghe2005' on page 8 undefined on input
 line 190.


Package natbib Warning: Citation `Goswami2006' on page 8 undefined on input lin
e 190.


Package natbib Warning: Citation `Trenberth2003' on page 8 undefined on input l
ine 190.


Underfull \hbox (badness 10000) in paragraph at lines 190--191

 []


Package natbib Warning: Citation `Bandy1995' on page 8 undefined on input line 
192.


Package natbib Warning: Citation `Meehl1994' on page 8 undefined on input line 
192.


Package natbib Warning: Citation `Koster2004' on page 8 undefined on input line
 192.


Package natbib Warning: Citation `Eltahir1998' on page 8 undefined on input lin
e 192.


Package natbib Warning: Citation `Meehl1994' on page 8 undefined on input line 
192.


Package natbib Warning: Citation `Koster2004' on page 8 undefined on input line
 192.


Underfull \hbox (badness 10000) in paragraph at lines 192--193

 []

[8

]
Underfull \hbox (badness 10000) in paragraph at lines 194--195

 []

[9]
Underfull \hbox (badness 10000) in paragraph at lines 203--204

 []

[10]
Chapter 2.

Underfull \hbox (badness 10000) in paragraph at lines 257--258

 []

[11

]
Underfull \hbox (badness 10000) in paragraph at lines 267--268

 []


Underfull \hbox (badness 10000) in paragraph at lines 269--270

 []

[12]

Package natbib Warning: Citation `R2014' on page 13 undefined on input line 271
.


Underfull \hbox (badness 10000) in paragraph at lines 271--272

 []

[13]
Underfull \hbox (badness 10000) in paragraph at lines 273--275

 []


Underfull \hbox (badness 10000) in paragraph at lines 278--279

 []

[14]
Underfull \hbox (badness 10000) in paragraph at lines 280--281

 []


Underfull \hbox (badness 10000) in paragraph at lines 282--283

 []

[15]
Underfull \hbox (badness 10000) in paragraph at lines 286--287

 []

LaTeX Font Info:    Try loading font information for T1+cmtt on input line 290.

(/usr/share/texlive/texmf-dist/tex/latex/base/t1cmtt.fd
File: t1cmtt.fd 1999/05/25 v2.5h Standard LaTeX font definitions
) [16]
Underfull \hbox (badness 10000) in paragraph at lines 294--295

 []

[17]
Underfull \hbox (badness 10000) in paragraph at lines 308--309

 []


Underfull \hbox (badness 10000) in paragraph at lines 318--319

 []

[18]
Underfull \hbox (badness 10000) in paragraph at lines 331--332

 []

[19] [20]
Underfull \hbox (badness 10000) in paragraph at lines 372--373

 []


Package natbib Warning: Citation `sing2005' on page 21 undefined on input line 
374.


Underfull \hbox (badness 10000) in paragraph at lines 374--375

 []

[21]
Underfull \hbox (badness 10000) in paragraph at lines 396--397

 []

[22]
Underfull \hbox (badness 10000) in paragraph at lines 413--414

 []


Underfull \hbox (badness 10000) in paragraph at lines 417--418

 []

[23]
Underfull \hbox (badness 10000) in paragraph at lines 423--424

 []


Underfull \hbox (badness 10000) in paragraph at lines 426--427

 []


Underfull \hbox (badness 10000) in paragraph at lines 430--431

 []

[24]
Underfull \hbox (badness 10000) in paragraph at lines 439--440

 []


Underfull \hbox (badness 10000) in paragraph at lines 443--444

 []

[25]
Underfull \hbox (badness 10000) in paragraph at lines 445--446

 []

[26]
Underfull \hbox (badness 10000) in paragraph at lines 465--466

 []


Underfull \hbox (badness 10000) in paragraph at lines 469--470

 []


Underfull \hbox (badness 10000) in paragraph at lines 471--472

 []

[27]

Package natbib Warning: Citation `pontius2008' on page 28 undefined on input li
ne 486.


Underfull \hbox (badness 10000) in paragraph at lines 486--487

 []

[28]
Underfull \hbox (badness 10000) in paragraph at lines 498--499

 []


Underfull \hbox (badness 10000) in paragraph at lines 502--503

 []

[29]
Underfull \hbox (badness 10000) in paragraph at lines 504--505

 []


Underfull \hbox (badness 10000) in paragraph at lines 506--507

 []

[30]
Underfull \hbox (badness 10000) in paragraph at lines 508--509

 []

[31]
Underfull \hbox (badness 10000) in paragraph at lines 510--511

 []


Underfull \hbox (badness 10000) in paragraph at lines 512--513

 []

[32]
Underfull \hbox (badness 10000) in paragraph at lines 514--515

 []


Underfull \hbox (badness 10000) in paragraph at lines 518--519

 []


Underfull \hbox (badness 10000) in paragraph at lines 521--522

 []

[33] <figs/f01_flowchart.pdf, id=116, 341.275pt x 264.99pt>
File: figs/f01_flowchart.pdf Graphic file (type pdf)

<use figs/f01_flowchart.pdf>
Package pdftex.def Info: figs/f01_flowchart.pdf used on input line 535.
(pdftex.def)             Requested size: 236.15796pt x 183.37297pt.

<figs/f02_class_diagram_revised.pdf, id=117, 345.29pt x 557.08125pt>
File: figs/f02_class_diagram_revised.pdf Graphic file (type pdf)

<use figs/f02_class_diagram_revised.pdf>
Package pdftex.def Info: figs/f02_class_diagram_revised.pdf used on input line 
541.
(pdftex.def)             Requested size: 341.43306pt x 550.86612pt.


LaTeX Warning: Float too large for page by 10.13333pt on input line 544.


Overfull \hbox (42.25479pt too wide) in paragraph at lines 555--555
[]|\T1/cmr/m/n/10.95 getPredictiveModelInputData| 
 []


Overfull \hbox (5.95895pt too wide) in paragraph at lines 557--557
[]|\T1/cmr/m/n/10.95 approxExtrapDemand| 
 []


Overfull \hbox (6.62393pt too wide) in paragraph at lines 570--570
[]|\T1/cmr/m/n/10.95 ThreeMapComparison| 
 []


Underfull \hbox (badness 3557) in paragraph at lines 570--571
[]|\T1/cmr/m/n/10.95 Calculate three-dimensional con-tin-gency ta-bles
 []


Overfull \hbox (6.92809pt too wide) in paragraph at lines 548--577
[][]
 []

<figs/f03_pie.pdf, id=118, 340.27126pt x 216.81pt>
File: figs/f03_pie.pdf Graphic file (type pdf)
 <use figs/f03_pie.pdf>
Package pdftex.def Info: figs/f03_pie.pdf used on input line 580.
(pdftex.def)             Requested size: 341.43306pt x 217.56042pt.


LaTeX Warning: `h' float specifier changed to `ht'.

<figs/f04_suitability.pdf, id=119, 340.27126pt x 216.81pt>
File: figs/f04_suitability.pdf Graphic file (type pdf)

<use figs/f04_suitability.pdf>
Package pdftex.def Info: figs/f04_suitability.pdf used on input line 586.
(pdftex.def)             Requested size: 341.43306pt x 217.56042pt.

<figs/f05_roc.pdf, id=120, 340.27126pt x 216.81pt>
File: figs/f05_roc.pdf Graphic file (type pdf)
 <use figs/f05_roc.pdf>
Package pdftex.def Info: figs/f05_roc.pdf used on input line 592.
(pdftex.def)             Requested size: 341.43306pt x 217.56042pt.

<figs/f06_builtgain.pdf, id=121, 235.88126pt x 235.88126pt>
File: figs/f06_builtgain.pdf Graphic file (type pdf)

<use figs/f06_builtgain.pdf>
Package pdftex.def Info: figs/f06_builtgain.pdf used on input line 598.
(pdftex.def)             Requested size: 236.15796pt x 236.1614pt.

<figs/f07_agreement.pdf, id=122, 340.27126pt x 412.54124pt>
File: figs/f07_agreement.pdf Graphic file (type pdf)

<use figs/f07_agreement.pdf>
Package pdftex.def Info: figs/f07_agreement.pdf used on input line 604.
(pdftex.def)             Requested size: 341.43306pt x 413.96916pt.

<figs/f08_figure_of_merit.pdf, id=123, 340.27126pt x 340.27126pt>
File: figs/f08_figure_of_merit.pdf Graphic file (type pdf)

<use figs/f08_figure_of_merit.pdf>
Package pdftex.def Info: figs/f08_figure_of_merit.pdf used on input line 610.
(pdftex.def)             Requested size: 341.43306pt x 341.44902pt.
 [34] [35 <./figs/f01_flowchart.pdf>]
[36 <./figs/f02_class_diagram_revised.pdf>] [37] [38 <./figs/f03_pie.pdf> <./fi
gs/f04_suitability.pdf>] [39 <./figs/f05_roc.pdf> <./figs/f06_builtgain.pdf>]
[40 <./figs/f07_agreement.pdf>] [41 <./figs/f08_figure_of_merit.pdf>]
Chapter 3.

Underfull \hbox (badness 10000) in paragraph at lines 644--645

 []


Package natbib Warning: Citation `Sellers1997' on page 42 undefined on input li
ne 650.


Package natbib Warning: Citation `Vitousek1997' on page 42 undefined on input l
ine 650.


Package natbib Warning: Citation `Goswami2006' on page 42 undefined on input li
ne 650.


Package natbib Warning: Citation `Verburg2002' on page 42 undefined on input li
ne 650.


Underfull \hbox (badness 10000) in paragraph at lines 650--651

 []


Package natbib Warning: Citation `Olson1983' on page 42 undefined on input line
 654.


Package natbib Warning: Citation `Matthews1983' on page 42 undefined on input l
ine 654.


Package natbib Warning: Citation `Wilson1985' on page 42 undefined on input lin
e 654.


Package natbib Warning: Citation `Sellers1997' on page 42 undefined on input li
ne 654.


Package natbib Warning: Citation `Nemani1997' on page 42 undefined on input lin
e 654.


Package natbib Warning: Citation `Neteler2008' on page 42 undefined on input li
ne 654.


Underfull \hbox (badness 10000) in paragraph at lines 654--655

 []

[42

]

Package natbib Warning: Citation `Herold2008' on page 43 undefined on input lin
e 656.


Package natbib Warning: Citation `Defries1994' on page 43 undefined on input li
ne 656.


Package natbib Warning: Citation `Defries1998' on page 43 undefined on input li
ne 656.


Package natbib Warning: Citation `Hansen2000' on page 43 undefined on input lin
e 656.


Package natbib Warning: Citation `Nemani1997' on page 43 undefined on input lin
e 656.


Package natbib Warning: Citation `Friedl2000' on page 43 undefined on input lin
e 656.


Package natbib Warning: Citation `Cihlar1994' on page 43 undefined on input lin
e 656.


Underfull \hbox (badness 10000) in paragraph at lines 656--657

 []

[43]

Package natbib Warning: Citation `Thenkabail2009a' on page 44 undefined on inpu
t line 658.


Underfull \hbox (badness 10000) in paragraph at lines 658--659

 []


Package natbib Warning: Citation `Nemani1997' on page 44 undefined on input lin
e 660.


Package natbib Warning: Citation `Cihlar2000' on page 44 undefined on input lin
e 660.


Package natbib Warning: Citation `Foody2002' on page 44 undefined on input line
 660.


Package natbib Warning: Citation `Defries1998' on page 44 undefined on input li
ne 660.


Package natbib Warning: Citation `Gong2013' on page 44 undefined on input line 
660.


Underfull \hbox (badness 10000) in paragraph at lines 660--661

 []

[44]

Package natbib Warning: Citation `Running1995' on page 45 undefined on input li
ne 662.


Package natbib Warning: Citation `Lambin1995' on page 45 undefined on input lin
e 662.


Package natbib Warning: Citation `Lambin1996' on page 45 undefined on input lin
e 662.


Package natbib Warning: Citation `Nemani1997' on page 45 undefined on input lin
e 662.


Package natbib Warning: Citation `Running1995' on page 45 undefined on input li
ne 662.


Underfull \hbox (badness 10000) in paragraph at lines 662--663

 []

[45]
Chapter 4.

Underfull \hbox (badness 10000) in paragraph at lines 669--670

 []

[46

]
Chapter 5.

Underfull \hbox (badness 10000) in paragraph at lines 677--678

 []

[47

]

Package natbib Warning: Citation `Barry2010' on page 48 undefined on input line
 686.


Package natbib Warning: Citation `Pitman2003' on page 48 undefined on input lin
e 686.


Package natbib Warning: Citation `Barry2010' on page 48 undefined on input line
 686.


Package natbib Warning: Citation `Pitman2003' on page 48 undefined on input lin
e 692.


Package natbib Warning: Citation `Barry2010' on page 48 undefined on input line
 692.


Package natbib Warning: Citation `Barry2010' on page 48 undefined on input line
 698.

[48]
Underfull \hbox (badness 10000) in paragraph at lines 704--705

 []


Package natbib Warning: Citation `Eltahir1998' on page 49 undefined on input li
ne 708.


Package natbib Warning: Citation `Prive2007a' on page 49 undefined on input lin
e 708.


Package natbib Warning: Citation `Eltahir1998' on page 49 undefined on input li
ne 714.


Package natbib Warning: Citation `Neelin2007' on page 49 undefined on input lin
e 714.


Package natbib Warning: Citation `Barry2010' on page 49 undefined on input line
 714.


Package natbib Warning: Citation `Eltahir1998' on page 49 undefined on input li
ne 714.


Package natbib Warning: Citation `Zheng1998' on page 49 undefined on input line
 714.


Underfull \hbox (badness 10000) in paragraph at lines 714--715

 []


Package natbib Warning: Citation `Pitman2003' on page 49 undefined on input lin
e 718.

[49]
Underfull \hbox (badness 10000) in paragraph at lines 724--725

 []


Package natbib Warning: Citation `Hillel1998' on page 50 undefined on input lin
e 728.


Package natbib Warning: Citation `Shaw1994' on page 50 undefined on input line 
734.


Package natbib Warning: Citation `Shaw1994' on page 50 undefined on input line 
734.


Underfull \hbox (badness 10000) in paragraph at lines 734--735

 []

[50]

Package natbib Warning: Citation `Pitman2003' on page 51 undefined on input lin
e 742.


Underfull \hbox (badness 10000) in paragraph at lines 742--743

 []

<figs//evapfraction.jpg, id=232, 248.78787pt x 130.46974pt>
File: figs//evapfraction.jpg Graphic file (type jpg)

<use figs//evapfraction.jpg>
Package pdftex.def Info: figs//evapfraction.jpg used on input line 746.
(pdftex.def)             Requested size: 248.78725pt x 130.4694pt.


Package natbib Warning: Citation `Clark2005' on page 51 undefined on input line
 751.


Package natbib Warning: Citation `Eltahir1996' on page 51 undefined on input li
ne 751.


Package natbib Warning: Citation `Trenberth1999' on page 51 undefined on input 
line 751.


Package natbib Warning: Citation `Eltahir1998' on page 51 undefined on input li
ne 751.


Package natbib Warning: Citation `Findell2003a' on page 51 undefined on input l
ine 751.


Package natbib Warning: Citation `Findell2003b' on page 51 undefined on input l
ine 751.


Package natbib Warning: Citation `Alfieri2008' on page 51 undefined on input li
ne 751.


Package natbib Warning: Citation `Eltahir1998' on page 51 undefined on input li
ne 751.


Package natbib Warning: Citation `Zheng1998' on page 51 undefined on input line
 751.


Package natbib Warning: Citation `Koster2004' on page 51 undefined on input lin
e 751.


Package natbib Warning: Citation `Taylor2006' on page 51 undefined on input lin
e 751.


Package natbib Warning: Citation `Taylor2007' on page 51 undefined on input lin
e 751.


Package natbib Warning: Citation `Findell2003' on page 51 undefined on input li
ne 751.


Package natbib Warning: Citation `Findell2003b' on page 51 undefined on input l
ine 751.


Underfull \hbox (badness 10000) in paragraph at lines 751--752

 []

[51 <./figs//evapfraction.jpg>]
<figs//sm_temp_feedback.jpg, id=236, 184.56647pt x 127.8623pt>
File: figs//sm_temp_feedback.jpg Graphic file (type jpg)

<use figs//sm_temp_feedback.jpg>
Package pdftex.def Info: figs//sm_temp_feedback.jpg used on input line 757.
(pdftex.def)             Requested size: 184.56601pt x 127.86197pt.

Overfull \hbox (5.31352pt too wide) in paragraph at lines 757--758
 [][] 
 []

<figs//sm_precip_feedback.jpg, id=237, 155.95105pt x 128.05737pt>
File: figs//sm_precip_feedback.jpg Graphic file (type jpg)

<use figs//sm_precip_feedback.jpg>
Package pdftex.def Info: figs//sm_precip_feedback.jpg used on input line 763.
(pdftex.def)             Requested size: 155.95065pt x 128.05704pt.


Package natbib Warning: Citation `Lawrence2007a' on page 52 undefined on input 
line 772.


Package natbib Warning: Citation `Dirmeyer2006a' on page 52 undefined on input 
line 772.


Package natbib Warning: Citation `Sellers1997' on page 52 undefined on input li
ne 772.


Package natbib Warning: Citation `Pielke2002' on page 52 undefined on input lin
e 772.


Package natbib Warning: Citation `Meehl1994' on page 52 undefined on input line
 772.


Package natbib Warning: Citation `Pitman2003' on page 52 undefined on input lin
e 772.


Package natbib Warning: Citation `Barry2010' on page 52 undefined on input line
 772.


Package natbib Warning: Citation `Hillel1998' on page 52 undefined on input lin
e 772.


Package natbib Warning: Citation `Bounoua2002' on page 52 undefined on input li
ne 772.


Package natbib Warning: Citation `Arneth2012' on page 52 undefined on input lin
e 772.


Package natbib Warning: Citation `Boucher2004' on page 52 undefined on input li
ne 772.


Underfull \hbox (badness 10000) in paragraph at lines 772--773

 []

[52 <./figs//sm_temp_feedback.jpg> <./figs//sm_precip_feedback.jpg>]

Package natbib Warning: Citation `Meehl1994' on page 53 undefined on input line
 775.


Package natbib Warning: Citation `Walker1977' on page 53 undefined on input lin
e 775.


Package natbib Warning: Citation `Shukla1982' on page 53 undefined on input lin
e 775.


Package natbib Warning: Citation `Sud1985' on page 53 undefined on input line 7
75.


Package natbib Warning: Citation `Charney1977' on page 53 undefined on input li
ne 775.


Package natbib Warning: Citation `Sud1985' on page 53 undefined on input line 7
75.


Package natbib Warning: Citation `Meehl1994' on page 53 undefined on input line
 775.


Package natbib Warning: Citation `Sellers1997' on page 53 undefined on input li
ne 775.


Package natbib Warning: Citation `Meehl1994' on page 53 undefined on input line
 775.


Underfull \hbox (badness 10000) in paragraph at lines 775--776

 []

[53]

Package natbib Warning: Citation `Koster2004' on page 54 undefined on input lin
e 777.


Package natbib Warning: Citation `Koster2002' on page 54 undefined on input lin
e 777.


Underfull \hbox (badness 10000) in paragraph at lines 777--778

 []


Package natbib Warning: Citation `Henderson1995' on page 54 undefined on input 
line 779.


Package natbib Warning: Citation `Henderson1996' on page 54 undefined on input 
line 779.


Package natbib Warning: Citation `Chen1997' on page 54 undefined on input line 
779.


Package natbib Warning: Citation `Henderson1995' on page 54 undefined on input 
line 779.


Underfull \hbox (badness 10000) in paragraph at lines 779--780

 []

[54]

Package natbib Warning: Citation `Dirmeyer2006a' on page 55 undefined on input 
line 781.


Package natbib Warning: Citation `Betts1996' on page 55 undefined on input line
 781.


Package natbib Warning: Citation `Dirmeyer2006a' on page 55 undefined on input 
line 781.


Package natbib Warning: Citation `Wei2008' on page 55 undefined on input line 7
81.


Package natbib Warning: Citation `Madden1971' on page 55 undefined on input lin
e 781.


Package natbib Warning: Citation `Madden1972' on page 55 undefined on input lin
e 781.


Package natbib Warning: Citation `Webster1987a' on page 55 undefined on input l
ine 781.


Package natbib Warning: Citation `Zhang2005' on page 55 undefined on input line
 781.


Package natbib Warning: Citation `Notaro2006' on page 55 undefined on input lin
e 781.


Package natbib Warning: Citation `Orlowsky2010' on page 55 undefined on input l
ine 781.


Package natbib Warning: Citation `Findell1997' on page 55 undefined on input li
ne 781.


Package natbib Warning: Citation `Salvucci2002' on page 55 undefined on input l
ine 781.


Package natbib Warning: Citation `Alfieri2008' on page 55 undefined on input li
ne 781.


Underfull \hbox (badness 10000) in paragraph at lines 781--782

 []


Package natbib Warning: Citation `Goswami2006' on page 55 undefined on input li
ne 783.


Package natbib Warning: Citation `Turner2009' on page 55 undefined on input lin
e 783.


Package natbib Warning: Citation `Goward2006' on page 55 undefined on input lin
e 783.


Package natbib Warning: Citation `Boucher2004' on page 55 undefined on input li
ne 783.


Package natbib Warning: Citation `Gordon2005' on page 55 undefined on input lin
e 783.


Underfull \hbox (badness 10000) in paragraph at lines 783--784

 []

[55]

Package natbib Warning: Citation `Goswami2006' on page 56 undefined on input li
ne 788.


Underfull \hbox (badness 10000) in paragraph at lines 788--789

 []


Package natbib Warning: Citation `Dirmeyer2006' on page 56 undefined on input l
ine 790.


Package natbib Warning: Citation `Lawrence2007a' on page 56 undefined on input 
line 790.


Package natbib Warning: Citation `Meehl1994' on page 56 undefined on input line
 790.


Package natbib Warning: Citation `Pitman2003' on page 56 undefined on input lin
e 790.


Package natbib Warning: Citation `Eltahir1998' on page 56 undefined on input li
ne 790.


Package natbib Warning: Citation `Findell2003a' on page 56 undefined on input l
ine 790.


Package natbib Warning: Citation `Findell2003b' on page 56 undefined on input l
ine 790.


Package natbib Warning: Citation `Koster2004' on page 56 undefined on input lin
e 790.


Package natbib Warning: Citation `Koster2004' on page 56 undefined on input lin
e 790.


Underfull \hbox (badness 10000) in paragraph at lines 790--791

 []

[56]

Package natbib Warning: Citation `Goswami2006' on page 57 undefined on input li
ne 792.


Package natbib Warning: Citation `Turner2009' on page 57 undefined on input lin
e 792.


Package natbib Warning: Citation `Hansen2000' on page 57 undefined on input lin
e 792.


Package natbib Warning: Citation `Verburg2002' on page 57 undefined on input li
ne 792.


Package natbib Warning: Citation `Verburg2002' on page 57 undefined on input li
ne 792.


Package natbib Warning: Citation `Henderson1996' on page 57 undefined on input 
line 792.


Underfull \hbox (badness 10000) in paragraph at lines 792--793

 []

[57]
Underfull \hbox (badness 10000) in paragraph at lines 794--795

 []


Underfull \hbox (badness 10000) in paragraph at lines 807--808

 []


Underfull \hbox (badness 10000) in paragraph at lines 816--817

 []

[58] [59]
Chapter 6.

Package natbib Warning: Citation `box1976' on page 60 undefined on input line 8
36.


Package natbib Warning: Citation `bastin2012' on page 60 undefined on input lin
e 840.


Package natbib Warning: Citation `vitolo?' on page 60 undefined on input line 8
40.


Underfull \hbox (badness 10000) in paragraph at lines 840--841

 []

[60

]

Package natbib Warning: Citation `wheater1993' on page 61 undefined on input li
ne 858.


Package natbib Warning: Citation `pechlivanidis2011' on page 61 undefined on in
put line 858.


Package natbib Warning: Citation `montanari?' on page 61 undefined on input lin
e 858.


Underfull \hbox (badness 10000) in paragraph at lines 858--859

 []


Package natbib Warning: Citation `sivakumar2009' on page 61 undefined on input 
line 860.


Underfull \hbox (badness 10000) in paragraph at lines 860--861

 []

[61]

Package natbib Warning: Citation `gupta2014' on page 62 undefined on input line
 862.


Underfull \hbox (badness 10000) in paragraph at lines 862--863

 []

[62]
Underfull \hbox (badness 10000) in paragraph at lines 865--866

 []


Package natbib Warning: Citation `sivapalan2009' on page 63 undefined on input 
line 868.


Package natbib Warning: Citation `beven2000' on page 63 undefined on input line
 868.


Underfull \hbox (badness 10000) in paragraph at lines 868--869

 []

[63]

Package natbib Warning: Citation `sivapalan2015' on page 64 undefined on input 
line 873.


Package natbib Warning: Citation `sivapalan2012' on page 64 undefined on input 
line 873.


Package natbib Warning: Citation `kelly2013' on page 64 undefined on input line
 873.


Underfull \hbox (badness 10000) in paragraph at lines 873--874

 []

[64]

Package natbib Warning: Citation `dibaldassare2015-a' on page 65 undefined on i
nput line 878.


Package natbib Warning: Citation `dibaldassare2015-a' on page 65 undefined on i
nput line 878.


Package natbib Warning: Citation `loucks2015' on page 65 undefined on input lin
e 878.


Package natbib Warning: Citation `loucks2015' on page 65 undefined on input lin
e 878.


Underfull \hbox (badness 10000) in paragraph at lines 878--879

 []


Package natbib Warning: Citation `bulatewicz2012' on page 65 undefined on input
 line 897.


Package natbib Warning: Citation `yue2014' on page 65 undefined on input line 8
97.


Underfull \hbox (badness 10000) in paragraph at lines 897--898

 []

[65]

Package natbib Warning: Citation `gregerson2007' on page 66 undefined on input 
line 900.


Package natbib Warning: Citation `gregerson2007' on page 66 undefined on input 
line 900.


Underfull \hbox (badness 10000) in paragraph at lines 900--903

 []

[66]

Package natbib Warning: Citation `bulatewicz2012' on page 67 undefined on input
 line 905.


Underfull \hbox (badness 10000) in paragraph at lines 905--906

 []


Package natbib Warning: Citation `castranova2013' on page 67 undefined on input
 line 908.


Package natbib Warning: Citation `betrie2011' on page 67 undefined on input lin
e 908.


Underfull \hbox (badness 10000) in paragraph at lines 908--909

 []

[67]
Underfull \hbox (badness 10000) in paragraph at lines 911--912

 []

[68]
Underfull \hbox (badness 10000) in paragraph at lines 984--985

 []


Package natbib Warning: Citation `horsburgh2013' on page 69 undefined on input 
line 992.


Underfull \hbox (badness 10000) in paragraph at lines 992--993

 []

[69]
File: figs/f02_class_diagram_revised.pdf Graphic file (type pdf)
 <use figs/f02_class_diagram_revised.pdf>
Package pdftex.def Info: figs/f02_class_diagram_revised.pdf used on input line 
997.
(pdftex.def)             Requested size: 341.43306pt x 550.86612pt.


LaTeX Warning: Float too large for page by 10.13333pt on input line 1000.


Overfull \hbox (6.92809pt too wide) in paragraph at lines 1004--1024
[][]
 []

[70]
LaTeX Font Info:    Try loading font information for T1+cmss on input line 1029
.
 (/usr/share/texlive/texmf-dist/tex/latex/base/t1cmss.fd
File: t1cmss.fd 1999/05/25 v2.5h Standard LaTeX font definitions
)
Overfull \hbox (9.1345pt too wide) in paragraph at lines 1029--1030
[]\T1/cmr/m/n/10.95 objects store data as a \T1/cmtt/m/n/10.95 data.frame \T1/c
mr/m/n/10.95 in long for-mat with columns
 []


Overfull \hbox (3.28947pt too wide) in paragraph at lines 1031--1032
[]\T1/cmr/m/n/10.95 objects rep-re-sent spa-tially grid-ded data stored as a Ra
ster-
 []


Underfull \hbox (badness 10000) in paragraph at lines 1036--1037

 []


Underfull \hbox (badness 10000) in paragraph at lines 1038--1039

 []


Underfull \hbox (badness 10000) in paragraph at lines 1040--1041

 []

[71]
Underfull \hbox (badness 10000) in paragraph at lines 1043--1044

 []


Underfull \hbox (badness 10000) in paragraph at lines 1046--1047

 []


Overfull \hbox (6.92809pt too wide) in paragraph at lines 1050--1068
[][]
 []


LaTeX Warning: Reference `' on page 72 undefined on input line 1071.

[72]
Package color Info: Redefining color shadecolor on input line 1074.
Package color Info: Redefining color shadecolor on input line 1081.
LaTeX Font Info:    Font shape `T1/cmtt/bx/n' in size <10.95> not available
(Font)              Font shape `T1/cmtt/m/n' tried instead on input line 1083.

Overfull \hbox (139.43167pt too wide) in paragraph at lines 1101--1102
[]\T1/cmtt/m/n/10.95 ## Warning in SSOAP::processWSDL("http://his.cuahsi.org/OD
MCV_1_1/ODMCV_1_1.asmx?WSDL"):
 []


Overfull \hbox (20.60588pt too wide) in paragraph at lines 1103--1103
[]\T1/cmtt/m/it/10.95 ## Note: method with signature 'PrimitiveSOAPType#list' c
hosen for
 []

[73]
Package color Info: Redefining color shadecolor on input line 1109.
Package color Info: Redefining color shadecolor on input line 1123.

Overfull \hbox (31.92262pt too wide) in paragraph at lines 1129--1129
[]\T1/cmtt/m/n/10.95 ## Warning in addCV("VariableName", term = "test", definit
ion = "test
 []


Underfull \hbox (badness 10000) in paragraph at lines 1135--1136

 []

[74]
Package color Info: Redefining color shadecolor on input line 1140.

Overfull \hbox (48.89774pt too wide) in paragraph at lines 1143--1143
[][]\T1/cmtt/m/n/10.95 t[] []<-[] []seq[][]([][]as.POSIXct[][]([][]"2000-01-01"
[][],[] []tz[][]=[][]"GMT"[][]),[] []by[][]=[][]"1 hour"[][],[] []length.out[][
]=[][]24[][])[][] 
 []

Package color Info: Redefining color shadecolor on input line 1152.

Overfull \hbox (3.63077pt too wide) in paragraph at lines 1180--1180
[]\T1/cmtt/m/n/10.95 ## dimensions      : 5, 24, 1, 0 (space, time, depth, vari
ables)[] 
 []


Overfull \hbox (54.5561pt too wide) in paragraph at lines 1180--1180
[]\T1/cmtt/m/n/10.95 ## temporal extent : 2000-01-01 GMT, 2000-01-01 23:00:00 G
MT (start, end)[] 
 []

[75]
Package color Info: Redefining color shadecolor on input line 1187.

Underfull \hbox (badness 10000) in paragraph at lines 1199--1200

 []

Package color Info: Redefining color shadecolor on input line 1204.

Overfull \hbox (13.30693pt too wide) in paragraph at lines 1220--1221
\T1/cmr/m/n/10.95 jects of dif-fer-ent classes. Ob-jects of class Hy-droSTF.ras
ter and Hy-droSTF.array
 []

Package color Info: Redefining color shadecolor on input line 1223.
[76]
Package color Info: Redefining color shadecolor on input line 1239.

Overfull \hbox (3.63077pt too wide) in paragraph at lines 1246--1246
[]\T1/cmtt/m/n/10.95 ## Error in compare_ST(x, ..., extent = extent, coords = c
oords,
 []

Package color Info: Redefining color shadecolor on input line 1252.
Package color Info: Redefining color shadecolor on input line 1276.
[77]
Overfull \hbox (94.1647pt too wide) in paragraph at lines 1303--1303
[]\T1/cmtt/m/n/10.95 ## names       :        z1.1,        z1.2,        z1.3,   
     z1.4,        z1.5[] 
 []


Overfull \hbox (94.1647pt too wide) in paragraph at lines 1303--1303
[]\T1/cmtt/m/n/10.95 ## min values  : 0.010127562, 0.028995826, 0.022980701, 0.
018955839, 0.001029185[] 
 []


Overfull \hbox (94.1647pt too wide) in paragraph at lines 1303--1303
[]\T1/cmtt/m/n/10.95 ## max values  :   0.9761467,   0.9996975,   0.9995082,   
0.9959238,   0.9957950[] 
 []

Package color Info: Redefining color shadecolor on input line 1310.

Overfull \hbox (14.94751pt too wide) in paragraph at lines 1332--1332
[]\T1/cmtt/m/n/10.95 ## Error in (function (classes, fdef, mtable) : unable to 
find an
 []


Overfull \hbox (54.5561pt too wide) in paragraph at lines 1332--1332
\T1/cmtt/m/n/10.95 inherited method for function 'geometry' for signature '"Hyd
roCatchment"'[] 
 []

[78]
Overfull \hbox (14.06772pt too wide) in paragraph at lines 1351--1352
\T1/cmr/m/n/10.95 ded Hy-droSTFDF and Hy-droSTF.array ob-jects are co-erced to 
Hy-droSTF.raster
 []


Underfull \hbox (badness 10000) in paragraph at lines 1351--1352

 []

Package color Info: Redefining color shadecolor on input line 1354.
[79]
Package color Info: Redefining color shadecolor on input line 1377.

Overfull \hbox (9.28914pt too wide) in paragraph at lines 1391--1391
[]\T1/cmtt/m/n/10.95 ## dimensions      : 36, 24, 1, 0 (space, time, depth, var
iables)[] 
 []


Overfull \hbox (150.74841pt too wide) in paragraph at lines 1391--1391
[]\T1/cmtt/m/n/10.95 ## spatial extent  : 0.08333333, 0.9166667, 0.08333333, 0.
9166667 (xmin, xmax, ymin, ymax)[] 
 []


Overfull \hbox (54.5561pt too wide) in paragraph at lines 1391--1391
[]\T1/cmtt/m/n/10.95 ## temporal extent : 2000-01-01 GMT, 2000-01-01 23:00:00 G
MT (start, end)[] 
 []


Underfull \hbox (badness 10000) in paragraph at lines 1403--1404

 []

[80]
Underfull \hbox (badness 10000) in paragraph at lines 1421--1422

 []


Underfull \hbox (badness 10000) in paragraph at lines 1426--1427

 []

[81]
Underfull \hbox (badness 10000) in paragraph at lines 1428--1430

 []


Underfull \hbox (badness 10000) in paragraph at lines 1433--1434

 []


Underfull \hbox (badness 10000) in paragraph at lines 1435--1436

 []

[82]
Underfull \hbox (badness 10000) in paragraph at lines 1439--1440

 []


Underfull \hbox (badness 10000) in paragraph at lines 1441--1443

 []


Package natbib Warning: Citation `burger2012' on page 83 undefined on input lin
e 1449.


Underfull \hbox (badness 10000) in paragraph at lines 1449--1451

 []

[83]

Package natbib Warning: Citation `lall2014' on page 84 undefined on input line 
1452.


Package natbib Warning: Citation `bulatewicz2012' on page 84 undefined on input
 line 1454.


Underfull \hbox (badness 10000) in paragraph at lines 1456--1458

 []

[84]
Underfull \hbox (badness 10000) in paragraph at lines 1459--1460

 []


Underfull \hbox (badness 10000) in paragraph at lines 1463--1464

 []


Underfull \hbox (badness 10000) in paragraph at lines 1477--1478

 []

[85] [86]
Chapter 7.
(./sm_thesis.bbl [87

] [88

] [89] [90] [91] [92] [93]
! Undefined control sequence.
<argument> \iaz 
                
l.388 Hewitt, R., D\'\iaz
                         ~Pacheco, J., and B, M.~G. (2013).
The control sequence at the end of the top line
of your error message was never \def'ed. If you have
misspelled it (e.g., `\hobx'), type `I' and the correct
spelling (e.g., `I\hbox'). Otherwise just continue,
and I'll forget about whatever was undefined.

! Undefined control sequence.
<argument> \iaz 
                
l.388 Hewitt, R., D\'\iaz
                         ~Pacheco, J., and B, M.~G. (2013).
The control sequence at the end of the top line
of your error message was never \def'ed. If you have
misspelled it (e.g., `\hobx'), type `I' and the correct
spelling (e.g., `I\hbox'). Otherwise just continue,
and I'll forget about whatever was undefined.

[94] [95] [96] [97] [98] [99] [100] [101] [102] [103] [104] [105] [106])

Package natbib Warning: There were undefined citations.

[107] (./sm_thesis.aux)

LaTeX Warning: There were undefined references.


LaTeX Warning: There were multiply-defined labels.

 ) 
Here is how much of TeX's memory you used:
 8447 strings out of 495000
 126867 string characters out of 6180826
 229154 words of memory out of 5000000
 11440 multiletter control sequences out of 15000+600000
 20586 words of font info for 58 fonts, out of 8000000 for 9000
 34 hyphenation exceptions out of 8191
 47i,10n,46p,2411b,578s stack positions out of 5000i,500n,10000p,200000b,80000s
{/usr/share/texlive/texmf-dist/fonts/enc/dvips/cm-super/cm-super-ts1.enc}{/us
r/share/texlive/texmf-dist/fonts/enc/dvips/cm-super/cm-super-t1.enc}</usr/share
/texlive/texmf-dist/fonts/type1/public/amsfonts/cm/cmmi10.pfb></usr/share/texli
ve/texmf-dist/fonts/type1/public/amsfonts/cm/cmmi8.pfb></usr/share/texlive/texm
f-dist/fonts/type1/public/amsfonts/cm/cmr10.pfb></usr/share/texlive/texmf-dist/
fonts/type1/public/amsfonts/cm/cmsy10.pfb></usr/share/texlive/texmf-dist/fonts/
type1/public/cm-super/sfbx1095.pfb></usr/share/texlive/texmf-dist/fonts/type1/p
ublic/cm-super/sfbx1200.pfb></usr/share/texlive/texmf-dist/fonts/type1/public/c
m-super/sfbx1440.pfb></usr/share/texlive/texmf-dist/fonts/type1/public/cm-super
/sfbx2074.pfb></usr/share/texlive/texmf-dist/fonts/type1/public/cm-super/sfit10
95.pfb></usr/share/texlive/texmf-dist/fonts/type1/public/cm-super/sfrm0900.pfb>
</usr/share/texlive/texmf-dist/fonts/type1/public/cm-super/sfrm1095.pfb></usr/s
hare/texlive/texmf-dist/fonts/type1/public/cm-super/sfrm1200.pfb></usr/share/te
xlive/texmf-dist/fonts/type1/public/cm-super/sfrm1440.pfb></usr/share/texlive/t
exmf-dist/fonts/type1/public/cm-super/sfsx1095.pfb></usr/share/texlive/texmf-di
st/fonts/type1/public/cm-super/sfti1095.pfb></usr/share/texlive/texmf-dist/font
s/type1/public/cm-super/sftt1095.pfb>
Output written on sm_thesis.pdf (107 pages, 2269574 bytes).
PDF statistics:
 478 PDF objects out of 1000 (max. 8388607)
 326 compressed objects within 4 object streams
 0 named destinations out of 1000 (max. 500000)
 56 words of extra memory for PDF output out of 10000 (max. 10000000)

